

============================== 16:38:47.697957 | 193b6984-7c8f-49be-bd76-64874a753af4 ==============================
[0m16:38:47.697957 [info ] [Dummy-1   ]: Running with dbt=1.9.4
[0m16:38:47.699026 [debug] [Dummy-1   ]: running dbt with arguments {'printer_width': '80', 'indirect_selection': 'eager', 'write_json': 'True', 'log_cache_events': 'False', 'partial_parse': 'True', 'cache_selected_only': 'False', 'profiles_dir': '/tmp/dbt/', 'fail_fast': 'False', 'version_check': 'True', 'log_path': '/tmp/dbt/logs', 'warn_error': 'None', 'debug': 'False', 'use_colors': 'True', 'use_experimental_parser': 'False', 'no_print': 'None', 'quiet': 'False', 'empty': 'None', 'log_format': 'default', 'introspect': 'True', 'warn_error_options': 'WarnErrorOptions(include=[], exclude=[])', 'invocation_command': 'dbt ', 'target_path': 'None', 'static_parser': 'True', 'send_anonymous_usage_stats': 'False'}
[0m16:38:47.924151 [info ] [Dummy-1   ]: Warning: No packages were found in packages.yml
[0m16:38:47.925156 [info ] [Dummy-1   ]: Warning: No packages were found in packages.yml
[0m16:38:47.926858 [debug] [Dummy-1   ]: Resource report: {"command_name": "deps", "command_success": true, "command_wall_clock_time": 0.32330284, "process_in_blocks": "0", "process_kernel_time": 0.75, "process_mem_max_rss": "380620", "process_out_blocks": "0", "process_user_time": 3.42}
[0m16:38:47.927582 [debug] [Dummy-1   ]: Command `cli deps` succeeded at 16:38:47.927298 after 0.32 seconds
[0m16:38:47.928107 [debug] [Dummy-1   ]: Flushing usage events


============================== 16:39:08.837256 | 067a7404-bb0e-43e7-99f2-e545eb31589c ==============================
[0m16:39:08.837256 [info ] [Dummy-1   ]: Running with dbt=1.9.4
[0m16:39:08.838288 [debug] [Dummy-1   ]: running dbt with arguments {'printer_width': '80', 'indirect_selection': 'eager', 'log_cache_events': 'False', 'write_json': 'True', 'partial_parse': 'True', 'cache_selected_only': 'False', 'warn_error': 'None', 'debug': 'False', 'version_check': 'True', 'log_path': '/tmp/dbt/logs', 'profiles_dir': '/tmp/dbt/', 'fail_fast': 'False', 'use_colors': 'True', 'use_experimental_parser': 'False', 'empty': 'False', 'quiet': 'False', 'no_print': 'None', 'log_format': 'default', 'introspect': 'True', 'static_parser': 'True', 'warn_error_options': 'WarnErrorOptions(include=[], exclude=[])', 'target_path': '/tmp/dbt/target/', 'invocation_command': 'dbt ', 'send_anonymous_usage_stats': 'False'}
[0m16:39:08.907730 [error] [Dummy-1   ]:  adapter: Invalid profile: 'user' is a required property.
[0m16:39:09.193239 [info ] [Dummy-1   ]: Registered adapter: snowflake=1.9.2
[0m16:39:09.739875 [error] [Dummy-1   ]: Encountered an error:
Compilation Error
  dbt found more than one package with the name "dbt" included in this project. Package names must be unique in a project. Please rename one of these packages.
[0m16:39:09.741654 [debug] [Dummy-1   ]: Resource report: {"command_name": "run", "command_success": false, "command_wall_clock_time": 0.998039, "process_in_blocks": "0", "process_kernel_time": 0.87, "process_mem_max_rss": "388596", "process_out_blocks": "0", "process_user_time": 4.1}
[0m16:39:09.742353 [debug] [Dummy-1   ]: Command `cli run` failed at 16:39:09.742078 after 1.00 seconds
[0m16:39:09.742955 [debug] [Dummy-1   ]: Flushing usage events


============================== 16:42:07.500189 | b5f068de-0a58-4627-b818-2fad07310516 ==============================
[0m16:42:07.500189 [info ] [Dummy-1   ]: Running with dbt=1.9.4
[0m16:42:07.501263 [debug] [Dummy-1   ]: running dbt with arguments {'printer_width': '80', 'indirect_selection': 'eager', 'log_cache_events': 'False', 'write_json': 'True', 'partial_parse': 'True', 'cache_selected_only': 'False', 'profiles_dir': '/tmp/dbt/', 'fail_fast': 'False', 'warn_error': 'None', 'log_path': '/tmp/dbt/logs', 'debug': 'False', 'version_check': 'True', 'use_colors': 'True', 'use_experimental_parser': 'False', 'no_print': 'None', 'quiet': 'False', 'empty': 'False', 'log_format': 'default', 'introspect': 'True', 'warn_error_options': 'WarnErrorOptions(include=[], exclude=[])', 'invocation_command': 'dbt ', 'target_path': '/tmp/dbt/target/', 'static_parser': 'True', 'send_anonymous_usage_stats': 'False'}
[0m16:42:07.571990 [error] [Dummy-1   ]:  adapter: Invalid profile: 'user' is a required property.
[0m16:42:07.865687 [info ] [Dummy-1   ]: Registered adapter: snowflake=1.9.2
[0m16:42:08.425115 [error] [Dummy-1   ]: Encountered an error:
Compilation Error
  dbt found more than one package with the name "dbt" included in this project. Package names must be unique in a project. Please rename one of these packages.
[0m16:42:08.426973 [debug] [Dummy-1   ]: Resource report: {"command_name": "run", "command_success": false, "command_wall_clock_time": 1.0244349, "process_in_blocks": "0", "process_kernel_time": 0.82, "process_mem_max_rss": "396652", "process_out_blocks": "0", "process_user_time": 4.21}
[0m16:42:08.427713 [debug] [Dummy-1   ]: Command `cli run` failed at 16:42:08.427431 after 1.03 seconds
[0m16:42:08.428380 [debug] [Dummy-1   ]: Flushing usage events


============================== 16:42:21.915478 | c6bb7e07-d334-46ce-a921-e013719a16c9 ==============================
[0m16:42:21.915478 [info ] [Dummy-1   ]: Running with dbt=1.9.4
[0m16:42:21.916509 [debug] [Dummy-1   ]: running dbt with arguments {'printer_width': '80', 'indirect_selection': 'eager', 'log_cache_events': 'False', 'write_json': 'True', 'partial_parse': 'True', 'cache_selected_only': 'False', 'warn_error': 'None', 'version_check': 'True', 'debug': 'False', 'log_path': '/tmp/dbt/logs', 'fail_fast': 'False', 'profiles_dir': '/tmp/dbt/', 'use_colors': 'True', 'use_experimental_parser': 'False', 'empty': 'None', 'quiet': 'False', 'no_print': 'None', 'log_format': 'default', 'introspect': 'True', 'invocation_command': 'dbt ', 'warn_error_options': 'WarnErrorOptions(include=[], exclude=[])', 'target_path': 'None', 'static_parser': 'True', 'send_anonymous_usage_stats': 'False'}
[0m16:42:22.146269 [info ] [Dummy-1   ]: Warning: No packages were found in packages.yml
[0m16:42:22.147396 [info ] [Dummy-1   ]: Warning: No packages were found in packages.yml
[0m16:42:22.149319 [debug] [Dummy-1   ]: Resource report: {"command_name": "deps", "command_success": true, "command_wall_clock_time": 0.32992858, "process_in_blocks": "0", "process_kernel_time": 0.81, "process_mem_max_rss": "395948", "process_out_blocks": "0", "process_user_time": 3.61}
[0m16:42:22.150032 [debug] [Dummy-1   ]: Command `cli deps` succeeded at 16:42:22.149751 after 0.33 seconds
[0m16:42:22.150577 [debug] [Dummy-1   ]: Flushing usage events
